0 info it worked if it ends with ok
1 verbose cli [ '/usr/bin/node',
1 verbose cli   '/usr/bin/npm',
1 verbose cli   'install',
1 verbose cli   '-g',
1 verbose cli   'generator-jekyll-utils' ]
2 info using npm@1.4.28
3 info using node@v0.10.33
4 verbose node symlink /usr/bin/node
5 verbose cache add [ 'generator-jekyll-utils', null ]
6 verbose cache add name=undefined spec="generator-jekyll-utils" args=["generator-jekyll-utils",null]
7 verbose parsed url { protocol: null,
7 verbose parsed url   slashes: null,
7 verbose parsed url   auth: null,
7 verbose parsed url   host: null,
7 verbose parsed url   port: null,
7 verbose parsed url   hostname: null,
7 verbose parsed url   hash: null,
7 verbose parsed url   search: null,
7 verbose parsed url   query: null,
7 verbose parsed url   pathname: 'generator-jekyll-utils',
7 verbose parsed url   path: 'generator-jekyll-utils',
7 verbose parsed url   href: 'generator-jekyll-utils' }
8 silly lockFile bfd4b333-generator-jekyll-utils generator-jekyll-utils
9 verbose lock generator-jekyll-utils /home/zxcv/.npm/bfd4b333-generator-jekyll-utils.lock
10 silly lockFile bfd4b333-generator-jekyll-utils generator-jekyll-utils
11 silly lockFile bfd4b333-generator-jekyll-utils generator-jekyll-utils
12 verbose addNamed [ 'generator-jekyll-utils', '' ]
13 verbose addNamed [ null, '*' ]
14 silly lockFile 2b1dc3fe-generator-jekyll-utils generator-jekyll-utils@
15 verbose lock generator-jekyll-utils@ /home/zxcv/.npm/2b1dc3fe-generator-jekyll-utils.lock
16 silly addNameRange { name: 'generator-jekyll-utils', range: '*', hasData: false }
17 verbose request where is /generator-jekyll-utils
18 verbose request registry https://registry.npmjs.org/
19 verbose request id e403be20492ea2a3
20 verbose url raw /generator-jekyll-utils
21 verbose url resolving [ 'https://registry.npmjs.org/', './generator-jekyll-utils' ]
22 verbose url resolved https://registry.npmjs.org/generator-jekyll-utils
23 verbose request where is https://registry.npmjs.org/generator-jekyll-utils
24 info trying registry request attempt 1 at 10:43:22
25 http GET https://registry.npmjs.org/generator-jekyll-utils
26 http 200 https://registry.npmjs.org/generator-jekyll-utils
27 silly registry.get cb [ 200,
27 silly registry.get   { date: 'Thu, 06 Nov 2014 17:43:23 GMT',
27 silly registry.get     server: 'CouchDB/1.5.0 (Erlang OTP/R16B03)',
27 silly registry.get     etag: '"4TWS0A96DN281NRQUBSC8EDQY"',
27 silly registry.get     'content-type': 'application/json',
27 silly registry.get     'cache-control': 'max-age=60',
27 silly registry.get     'content-length': '4693',
27 silly registry.get     'accept-ranges': 'bytes',
27 silly registry.get     via: '1.1 varnish',
27 silly registry.get     age: '0',
27 silly registry.get     'x-served-by': 'cache-ord1721-ORD',
27 silly registry.get     'x-cache': 'MISS',
27 silly registry.get     'x-cache-hits': '0',
27 silly registry.get     'x-timer': 'S1415295803.127087,VS0,VE133',
27 silly registry.get     vary: 'Accept',
27 silly registry.get     'keep-alive': 'timeout=10, max=50',
27 silly registry.get     connection: 'Keep-Alive' } ]
28 silly addNameRange number 2 { name: 'generator-jekyll-utils', range: '*', hasData: true }
29 silly addNameRange versions [ 'generator-jekyll-utils', [ '0.1.0', '0.2.0' ] ]
30 verbose addNamed [ 'generator-jekyll-utils', '0.2.0' ]
31 verbose addNamed [ '0.2.0', '0.2.0' ]
32 silly lockFile 6a285b3f-generator-jekyll-utils-0-2-0 generator-jekyll-utils@0.2.0
33 verbose lock generator-jekyll-utils@0.2.0 /home/zxcv/.npm/6a285b3f-generator-jekyll-utils-0-2-0.lock
34 silly lockFile df5c8e6c-generator-jekyll-utils-0-2-0-tgz https://registry.npmjs.org/generator-jekyll-utils/-/generator-jekyll-utils-0.2.0.tgz
35 verbose lock https://registry.npmjs.org/generator-jekyll-utils/-/generator-jekyll-utils-0.2.0.tgz /home/zxcv/.npm/df5c8e6c-generator-jekyll-utils-0-2-0-tgz.lock
36 verbose addRemoteTarball [ 'https://registry.npmjs.org/generator-jekyll-utils/-/generator-jekyll-utils-0.2.0.tgz',
36 verbose addRemoteTarball   'dd198cf4bd32416cdb955c637191a16769e5e340' ]
37 info retry fetch attempt 1 at 10:43:23
38 verbose fetch to= /tmp/npm-5310-uhGPuGnx/registry.npmjs.org/generator-jekyll-utils/-/generator-jekyll-utils-0.2.0.tgz
39 http GET https://registry.npmjs.org/generator-jekyll-utils/-/generator-jekyll-utils-0.2.0.tgz
40 http 200 https://registry.npmjs.org/generator-jekyll-utils/-/generator-jekyll-utils-0.2.0.tgz
41 silly lockFile df5c8e6c-generator-jekyll-utils-0-2-0-tgz https://registry.npmjs.org/generator-jekyll-utils/-/generator-jekyll-utils-0.2.0.tgz
42 silly lockFile df5c8e6c-generator-jekyll-utils-0-2-0-tgz https://registry.npmjs.org/generator-jekyll-utils/-/generator-jekyll-utils-0.2.0.tgz
43 silly lockFile 6a285b3f-generator-jekyll-utils-0-2-0 generator-jekyll-utils@0.2.0
44 silly lockFile 6a285b3f-generator-jekyll-utils-0-2-0 generator-jekyll-utils@0.2.0
45 silly lockFile 2b1dc3fe-generator-jekyll-utils generator-jekyll-utils@
46 silly lockFile 2b1dc3fe-generator-jekyll-utils generator-jekyll-utils@
47 silly resolved [ { name: 'generator-jekyll-utils',
47 silly resolved     version: '0.2.0',
47 silly resolved     description: 'Include Yeoman into your Jekyll workflow',
47 silly resolved     license: 'MIT',
47 silly resolved     main: 'app/index.js',
47 silly resolved     homepage: 'https://github.com/HiroAgustin/generator-jekyll-utils',
47 silly resolved     bugs:
47 silly resolved      { url: 'https://github.com/HiroAgustin/generator-jekyll-utils/issues',
47 silly resolved        email: 'hiroagustin@gmail.com' },
47 silly resolved     repository:
47 silly resolved      { type: 'git',
47 silly resolved        url: 'https://github.com/HiroAgustin/generator-jekyll-utils.git' },
47 silly resolved     author:
47 silly resolved      { name: 'Agustin Diaz',
47 silly resolved        email: 'hiroagustin@gmail.com',
47 silly resolved        url: 'https://github.com/HiroAgustin' },
47 silly resolved     engines: { node: '>=0.10.0' },
47 silly resolved     scripts: { test: 'mocha' },
47 silly resolved     files: [ 'app', 'post', 'draft', 'page' ],
47 silly resolved     keywords: [ 'yeoman-generator', 'jekyll' ],
47 silly resolved     dependencies:
47 silly resolved      { chalk: '^0.5.0',
47 silly resolved        'yeoman-generator': '^0.17.0',
47 silly resolved        yosay: '^0.3.0' },
47 silly resolved     devDependencies: { mocha: '*' },
47 silly resolved     peerDependencies: { yo: '>=1.0.0' },
47 silly resolved     gitHead: 'be0a8589030ff583a1d48fec2b1e5183913a58d8',
47 silly resolved     _id: 'generator-jekyll-utils@0.2.0',
47 silly resolved     _shasum: 'dd198cf4bd32416cdb955c637191a16769e5e340',
47 silly resolved     _from: 'generator-jekyll-utils@',
47 silly resolved     _npmVersion: '2.1.5',
47 silly resolved     _nodeVersion: '0.10.32',
47 silly resolved     _npmUser: { name: 'hiroagustin', email: 'hiroagustin@gmail.com' },
47 silly resolved     maintainers: [ [Object] ],
47 silly resolved     dist:
47 silly resolved      { shasum: 'dd198cf4bd32416cdb955c637191a16769e5e340',
47 silly resolved        tarball: 'http://registry.npmjs.org/generator-jekyll-utils/-/generator-jekyll-utils-0.2.0.tgz' },
47 silly resolved     directories: {},
47 silly resolved     _resolved: 'https://registry.npmjs.org/generator-jekyll-utils/-/generator-jekyll-utils-0.2.0.tgz' } ]
48 info install generator-jekyll-utils@0.2.0 into /usr/lib
49 info installOne generator-jekyll-utils@0.2.0
50 verbose lib/node_modules/generator-jekyll-utils unbuild
51 verbose tar unpack /home/zxcv/.npm/generator-jekyll-utils/0.2.0/package.tgz
52 silly lockFile 3c5d9224-e-modules-generator-jekyll-utils tar:///usr/lib/node_modules/generator-jekyll-utils
53 verbose lock tar:///usr/lib/node_modules/generator-jekyll-utils /home/zxcv/.npm/3c5d9224-e-modules-generator-jekyll-utils.lock
54 silly lockFile 41d60488-r-jekyll-utils-0-2-0-package-tgz tar:///home/zxcv/.npm/generator-jekyll-utils/0.2.0/package.tgz
55 verbose lock tar:///home/zxcv/.npm/generator-jekyll-utils/0.2.0/package.tgz /home/zxcv/.npm/41d60488-r-jekyll-utils-0-2-0-package-tgz.lock
56 silly gunzTarPerm modes [ '775', '664' ]
57 error Error: EACCES, mkdir '/usr/lib/node_modules/generator-jekyll-utils'
57 error  { [Error: EACCES, mkdir '/usr/lib/node_modules/generator-jekyll-utils']
57 error   errno: 3,
57 error   code: 'EACCES',
57 error   path: '/usr/lib/node_modules/generator-jekyll-utils',
57 error   fstream_type: 'Directory',
57 error   fstream_path: '/usr/lib/node_modules/generator-jekyll-utils',
57 error   fstream_class: 'DirWriter',
57 error   fstream_stack:
57 error    [ '/usr/lib/node_modules/npm/node_modules/fstream/lib/dir-writer.js:36:23',
57 error      '/usr/lib/node_modules/npm/node_modules/mkdirp/index.js:46:53',
57 error      'Object.oncomplete (fs.js:107:15)' ] }
58 error Please try running this command again as root/Administrator.
59 error System Linux 3.13.0-39-generic
60 error command "/usr/bin/node" "/usr/bin/npm" "install" "-g" "generator-jekyll-utils"
61 error cwd /home/zxcv/git/git-status.github.com
62 error node -v v0.10.33
63 error npm -v 1.4.28
64 error path /usr/lib/node_modules/generator-jekyll-utils
65 error fstream_path /usr/lib/node_modules/generator-jekyll-utils
66 error fstream_type Directory
67 error fstream_class DirWriter
68 error code EACCES
69 error errno 3
70 error stack Error: EACCES, mkdir '/usr/lib/node_modules/generator-jekyll-utils'
71 error fstream_stack /usr/lib/node_modules/npm/node_modules/fstream/lib/dir-writer.js:36:23
71 error fstream_stack /usr/lib/node_modules/npm/node_modules/mkdirp/index.js:46:53
71 error fstream_stack Object.oncomplete (fs.js:107:15)
72 verbose exit [ 3, true ]
